<?xml version="1.0" encoding="UTF-8"?>
<!-- Generated by org.testng.reporters.JUnitReportReporter -->
<testsuite hostname="DESKTOP-8HVD7OB" failures="0" tests="3" name="TestNGPractice.TestNG3" time="0.011" errors="0" timestamp="18 Dec 2021 06:18:37 GMT" skipped="0">
  <testcase classname="TestNGPractice.TestNG3" name="b_Test2" time="0.001"/>
  <testcase classname="TestNGPractice.TestNG3" name="c_Test3" time="0.001"/>
  <testcase classname="TestNGPractice.TestNG3" name="a_Test1" time="0.009"/>
</testsuite> <!-- TestNGPractice.TestNG3 -->
