<?xml version="1.0" encoding="UTF-8"?>
<!-- Generated by org.testng.reporters.JUnitReportReporter -->
<testsuite hostname="DESKTOP-8HVD7OB" failures="0" tests="1" name="RediffTestCases.UsgDatapropertiesRedifLogin" time="32.122" errors="0" timestamp="03 Jan 2022 23:33:19 GMT" skipped="0">
  <testcase classname="RediffTestCases.UsgDatapropertiesRedifLogin" name="login" time="32.122"/>
</testsuite> <!-- RediffTestCases.UsgDatapropertiesRedifLogin -->
