<?xml version="1.0" encoding="UTF-8"?>
<!-- Generated by org.testng.reporters.JUnitReportReporter -->
<testsuite hostname="DESKTOP-8HVD7OB" failures="0" tests="1" name="TestNGPractice.ParameterConceptprg" time="0.009" errors="0" timestamp="21 Dec 2021 06:57:48 GMT" skipped="0">
  <testcase classname="TestNGPractice.ParameterConceptprg" name="add" time="0.009"/>
</testsuite> <!-- TestNGPractice.ParameterConceptprg -->
