<?xml version="1.0" encoding="UTF-8"?>
<!-- Generated by org.testng.reporters.JUnitReportReporter -->
<testsuite hostname="DESKTOP-8HVD7OB" failures="0" tests="1" name="RediffTestCases.RedifTestCasePF" time="32.065" errors="0" timestamp="24 Dec 2021 16:24:34 GMT" skipped="0">
  <testcase classname="RediffTestCases.RedifTestCasePF" name="login" time="32.065"/>
</testsuite> <!-- RediffTestCases.RedifTestCasePF -->
