<?xml version="1.0" encoding="UTF-8"?>
<!-- Generated by org.testng.reporters.JUnitReportReporter -->
<testsuite hostname="DESKTOP-8HVD7OB" failures="0" tests="1" name="TestNGPractice.TestNG2" time="0.005" errors="0" timestamp="18 Dec 2021 06:03:46 GMT" skipped="0">
  <testcase classname="TestNGPractice.TestNG2" name="Method1" time="0.005"/>
</testsuite> <!-- TestNGPractice.TestNG2 -->
