<?xml version="1.0" encoding="UTF-8"?>
<!-- Generated by org.testng.reporters.JUnitReportReporter -->
<testsuite hostname="DESKTOP-8HVD7OB" failures="0" tests="1" name="TestNGPractice.GoogleSearch" time="10.841" errors="0" timestamp="21 Dec 2021 06:56:49 GMT" skipped="0">
  <testcase classname="TestNGPractice.GoogleSearch" name="search" time="10.841"/>
</testsuite> <!-- TestNGPractice.GoogleSearch -->
