<?xml version="1.0" encoding="UTF-8"?>
<!-- Generated by org.testng.reporters.JUnitReportReporter -->
<testsuite hostname="DESKTOP-8HVD7OB" failures="0" tests="1" name="RediffTestCases.RedifLogin" time="56.370" errors="0" timestamp="23 Dec 2021 00:15:42 GMT" skipped="0">
  <testcase classname="RediffTestCases.RedifLogin" name="login" time="56.370"/>
</testsuite> <!-- RediffTestCases.RedifLogin -->
