<?xml version="1.0" encoding="UTF-8"?>
<!-- Generated by org.testng.reporters.JUnitReportReporter -->
<testsuite hostname="DESKTOP-8HVD7OB" failures="0" tests="3" name="TestNGPractice.TestNG1" time="0.013" errors="0" timestamp="18 Dec 2021 06:04:26 GMT" skipped="0">
  <testcase classname="TestNGPractice.TestNG1" name="c_Test3" time="0.009"/>
  <testcase classname="TestNGPractice.TestNG1" name="a_Test1" time="0.002"/>
  <testcase classname="TestNGPractice.TestNG1" name="b_Test2" time="0.002"/>
</testsuite> <!-- TestNGPractice.TestNG1 -->
