<?xml version="1.0" encoding="UTF-8"?>
<!-- Generated by org.testng.reporters.JUnitReportReporter -->
<testsuite hostname="DESKTOP-8HVD7OB" failures="0" tests="1" name="RediffTestCases.RedifTestCasePFusingdifrntanotation" time="52.454" errors="0" timestamp="29 Dec 2021 06:51:35 GMT" skipped="0">
  <testcase classname="RediffTestCases.RedifTestCasePFusingdifrntanotation" name="login" time="52.454"/>
</testsuite> <!-- RediffTestCases.RedifTestCasePFusingdifrntanotation -->
