<?xml version="1.0" encoding="UTF-8"?>
<!-- Generated by org.testng.reporters.JUnitReportReporter -->
<testsuite hostname="DESKTOP-8HVD7OB" failures="0" tests="1" name="TestNGPractice.AssertCheck" time="0.011" errors="0" timestamp="21 Dec 2021 05:29:31 GMT" skipped="0">
  <testcase classname="TestNGPractice.AssertCheck" name="Check" time="0.011"/>
</testsuite> <!-- TestNGPractice.AssertCheck -->
