<?xml version="1.0" encoding="UTF-8"?>
<!-- Generated by org.testng.reporters.JUnitReportReporter -->
<testsuite hostname="DESKTOP-8HVD7OB" failures="0" tests="1" name="TestNGPractice.ParameterDemoHRM" time="9.600" errors="0" timestamp="30 Dec 2021 06:05:38 GMT" skipped="0">
  <testcase classname="TestNGPractice.ParameterDemoHRM" name="invokeBrowser" time="9.600"/>
</testsuite> <!-- TestNGPractice.ParameterDemoHRM -->
