<?xml version="1.0" encoding="UTF-8"?>
<!-- Generated by org.testng.reporters.JUnitReportReporter -->
<testsuite hostname="DESKTOP-8HVD7OB" failures="0" tests="1" name="RediffTestCases.RedifTestCasePFusingdifrntanotation" time="34.602" errors="0" timestamp="06 Jan 2022 21:55:37 GMT" skipped="0">
  <testcase classname="RediffTestCases.RedifTestCasePFusingdifrntanotation" name="login" time="34.602"/>
</testsuite> <!-- RediffTestCases.RedifTestCasePFusingdifrntanotation -->
