<?xml version="1.0" encoding="UTF-8"?>
<!-- Generated by org.testng.reporters.JUnitReportReporter -->
<testsuite hostname="DESKTOP-8HVD7OB" failures="0" tests="1" name="RediffTestCases.UsgDatapropertiesRedifLogin" time="28.673" errors="0" timestamp="06 Jan 2022 21:55:37 GMT" skipped="0">
  <testcase classname="RediffTestCases.UsgDatapropertiesRedifLogin" name="login" time="28.673"/>
</testsuite> <!-- RediffTestCases.UsgDatapropertiesRedifLogin -->
