<?xml version="1.0" encoding="UTF-8"?>
<!-- Generated by org.testng.reporters.JUnitReportReporter -->
<testsuite hostname="DESKTOP-8HVD7OB" failures="0" tests="1" name="TestNGPractice.ParameterDemoHRM" time="7.210" errors="0" timestamp="06 Jan 2022 21:55:37 GMT" skipped="0">
  <testcase classname="TestNGPractice.ParameterDemoHRM" name="invokeBrowser" time="7.210"/>
</testsuite> <!-- TestNGPractice.ParameterDemoHRM -->
